<?xml version="1.0" encoding="UTF-8"?>
<testng-results skipped="0" failed="0" total="1" passed="1">
  <reporter-output>
  </reporter-output>
  <suite name="Default suite" duration-ms="24144" started-at="2025-02-02T01:38:56Z" finished-at="2025-02-02T01:39:20Z">
    <groups>
    </groups>
    <test name="Default test" duration-ms="24144" started-at="2025-02-02T01:38:56Z" finished-at="2025-02-02T01:39:20Z">
      <class name="org.testcases.ProductDetailsTest">
        <test-method status="PASS" signature="lanuch()[pri:0, instance:org.testcases.ProductDetailsTest@68be2bc2]" name="lanuch" is-config="true" duration-ms="8934" started-at="2025-02-01T20:38:56Z" finished-at="2025-02-01T20:39:05Z">
          <reporter-output>
          </reporter-output>
        </test-method> <!-- lanuch -->
        <test-method status="PASS" signature="productDetails()[pri:0, instance:org.testcases.ProductDetailsTest@68be2bc2]" name="productDetails" duration-ms="15186" started-at="2025-02-01T20:39:05Z" finished-at="2025-02-01T20:39:20Z">
          <reporter-output>
          </reporter-output>
        </test-method> <!-- productDetails -->
      </class> <!-- org.testcases.ProductDetailsTest -->
    </test> <!-- Default test -->
  </suite> <!-- Default suite -->
</testng-results>
